<?xml version="1.0" encoding="UTF-8"?>
<testng-results skipped="0" failed="0" ignored="0" total="4" passed="4">
  <reporter-output>
  </reporter-output>
  <suite name="Default suite" duration-ms="24486" started-at="2018-01-17T04:49:13Z" finished-at="2018-01-17T04:49:38Z">
    <groups>
    </groups>
    <test name="Default test" duration-ms="24486" started-at="2018-01-17T04:49:13Z" finished-at="2018-01-17T04:49:38Z">
      <class name="smokeTest.LoginDDT">
        <test-method status="PASS" signature="setUp()[pri:0, instance:smokeTest.LoginDDT@1877ab81]" name="setUp" is-config="true" duration-ms="3" started-at="2018-01-16T22:49:13Z" finished-at="2018-01-16T22:49:13Z">
          <reporter-output>
          </reporter-output>
        </test-method> <!-- setUp -->
        <test-method status="PASS" signature="loginTest(java.lang.String, java.lang.String, java.lang.String)[pri:0, instance:smokeTest.LoginDDT@1877ab81]" name="loginTest" duration-ms="6786" started-at="2018-01-16T22:49:13Z" data-provider="getData" finished-at="2018-01-16T22:49:20Z">
          <params>
            <param index="0">
              <value>
                <![CDATA[Ellie Prynne]]>
              </value>
            </param>
            <param index="1">
              <value>
                <![CDATA[ep@testemail.com]]>
              </value>
            </param>
            <param index="2">
              <value>
                <![CDATA[ep1password]]>
              </value>
            </param>
          </params>
          <reporter-output>
          </reporter-output>
        </test-method> <!-- loginTest -->
        <test-method status="PASS" signature="closingTest()[pri:0, instance:smokeTest.LoginDDT@1877ab81]" name="closingTest" is-config="true" duration-ms="2" started-at="2018-01-16T22:49:20Z" finished-at="2018-01-16T22:49:20Z">
          <reporter-output>
          </reporter-output>
        </test-method> <!-- closingTest -->
        <test-method status="PASS" signature="setUp()[pri:0, instance:smokeTest.LoginDDT@1877ab81]" name="setUp" is-config="true" duration-ms="1" started-at="2018-01-16T22:49:20Z" finished-at="2018-01-16T22:49:20Z">
          <reporter-output>
          </reporter-output>
        </test-method> <!-- setUp -->
        <test-method status="PASS" signature="loginTest(java.lang.String, java.lang.String, java.lang.String)[pri:0, instance:smokeTest.LoginDDT@1877ab81]" name="loginTest" duration-ms="5540" started-at="2018-01-16T22:49:20Z" data-provider="getData" finished-at="2018-01-16T22:49:26Z">
          <params>
            <param index="0">
              <value>
                <![CDATA[Shawn Thompson]]>
              </value>
            </param>
            <param index="1">
              <value>
                <![CDATA[sw@testemail.com]]>
              </value>
            </param>
            <param index="2">
              <value>
                <![CDATA[sw2password]]>
              </value>
            </param>
          </params>
          <reporter-output>
          </reporter-output>
        </test-method> <!-- loginTest -->
        <test-method status="PASS" signature="closingTest()[pri:0, instance:smokeTest.LoginDDT@1877ab81]" name="closingTest" is-config="true" duration-ms="3" started-at="2018-01-16T22:49:26Z" finished-at="2018-01-16T22:49:26Z">
          <reporter-output>
          </reporter-output>
        </test-method> <!-- closingTest -->
        <test-method status="PASS" signature="setUp()[pri:0, instance:smokeTest.LoginDDT@1877ab81]" name="setUp" is-config="true" duration-ms="0" started-at="2018-01-16T22:49:26Z" finished-at="2018-01-16T22:49:26Z">
          <reporter-output>
          </reporter-output>
        </test-method> <!-- setUp -->
        <test-method status="PASS" signature="loginTest(java.lang.String, java.lang.String, java.lang.String)[pri:0, instance:smokeTest.LoginDDT@1877ab81]" name="loginTest" duration-ms="5142" started-at="2018-01-16T22:49:26Z" data-provider="getData" finished-at="2018-01-16T22:49:31Z">
          <params>
            <param index="0">
              <value>
                <![CDATA[Michael Lane]]>
              </value>
            </param>
            <param index="1">
              <value>
                <![CDATA[ml@testemail.com]]>
              </value>
            </param>
            <param index="2">
              <value>
                <![CDATA[ml3password]]>
              </value>
            </param>
          </params>
          <reporter-output>
          </reporter-output>
        </test-method> <!-- loginTest -->
        <test-method status="PASS" signature="closingTest()[pri:0, instance:smokeTest.LoginDDT@1877ab81]" name="closingTest" is-config="true" duration-ms="0" started-at="2018-01-16T22:49:31Z" finished-at="2018-01-16T22:49:31Z">
          <reporter-output>
          </reporter-output>
        </test-method> <!-- closingTest -->
        <test-method status="PASS" signature="loginTest(java.lang.String, java.lang.String, java.lang.String)[pri:0, instance:smokeTest.LoginDDT@1877ab81]" name="loginTest" duration-ms="6734" started-at="2018-01-16T22:49:31Z" data-provider="getData" finished-at="2018-01-16T22:49:38Z">
          <params>
            <param index="0">
              <value>
                <![CDATA[Janelle Von]]>
              </value>
            </param>
            <param index="1">
              <value>
                <![CDATA[jv@testemail.com]]>
              </value>
            </param>
            <param index="2">
              <value>
                <![CDATA[jv4password]]>
              </value>
            </param>
          </params>
          <reporter-output>
          </reporter-output>
        </test-method> <!-- loginTest -->
        <test-method status="PASS" signature="setUp()[pri:0, instance:smokeTest.LoginDDT@1877ab81]" name="setUp" is-config="true" duration-ms="0" started-at="2018-01-16T22:49:31Z" finished-at="2018-01-16T22:49:31Z">
          <reporter-output>
          </reporter-output>
        </test-method> <!-- setUp -->
        <test-method status="PASS" signature="closingTest()[pri:0, instance:smokeTest.LoginDDT@1877ab81]" name="closingTest" is-config="true" duration-ms="1" started-at="2018-01-16T22:49:38Z" finished-at="2018-01-16T22:49:38Z">
          <reporter-output>
          </reporter-output>
        </test-method> <!-- closingTest -->
      </class> <!-- smokeTest.LoginDDT -->
    </test> <!-- Default test -->
  </suite> <!-- Default suite -->
</testng-results>
