<?xml version="1.0" encoding="UTF-8"?>
<testng-results skipped="0" failed="0" ignored="0" total="1" passed="1">
  <reporter-output>
  </reporter-output>
  <suite name="Default suite" duration-ms="4700" started-at="2018-01-15T03:02:54Z" finished-at="2018-01-15T03:02:59Z">
    <groups>
    </groups>
    <test name="Default test" duration-ms="4700" started-at="2018-01-15T03:02:54Z" finished-at="2018-01-15T03:02:59Z">
      <class name="smokeTest.LogInTestNG">
        <test-method status="PASS" signature="setUp()[pri:0, instance:smokeTest.LogInTestNG@4493d195]" name="setUp" is-config="true" duration-ms="4" started-at="2018-01-14T21:02:54Z" finished-at="2018-01-14T21:02:54Z">
          <reporter-output>
          </reporter-output>
        </test-method> <!-- setUp -->
        <test-method status="PASS" signature="loginElementsPresentTest()[pri:0, instance:smokeTest.LogInTestNG@4493d195]" name="loginElementsPresentTest" duration-ms="4658" started-at="2018-01-14T21:02:54Z" finished-at="2018-01-14T21:02:59Z">
          <reporter-output>
          </reporter-output>
        </test-method> <!-- loginElementsPresentTest -->
        <test-method status="PASS" signature="closingTest()[pri:0, instance:smokeTest.LogInTestNG@4493d195]" name="closingTest" is-config="true" duration-ms="2" started-at="2018-01-14T21:02:59Z" finished-at="2018-01-14T21:02:59Z">
          <reporter-output>
          </reporter-output>
        </test-method> <!-- closingTest -->
      </class> <!-- smokeTest.LogInTestNG -->
    </test> <!-- Default test -->
  </suite> <!-- Default suite -->
</testng-results>
