<?xml version="1.0" encoding="UTF-8"?>
<!-- Generated by org.testng.reporters.JUnitXMLReporter -->
<testsuite hostname="DESKTOP-OIOD2R6" ignored="0" name="Default test" tests="4" failures="0" timestamp="17 Jan 2018 04:49:38 GMT" time="24.486" errors="0">
  <testcase name="loginTest" time="6.786" classname="smokeTest.LoginDDT"/>
  <testcase name="loginTest" time="5.54" classname="smokeTest.LoginDDT"/>
  <testcase name="loginTest" time="5.142" classname="smokeTest.LoginDDT"/>
  <testcase name="loginTest" time="6.734" classname="smokeTest.LoginDDT"/>
</testsuite> <!-- Default test -->
